{
  "stats": {
    "suites": 4,
    "tests": 5,
    "passes": 5,
    "pending": 0,
    "failures": 0,
    "start": "2025-07-16T00:28:50.814Z",
    "end": "2025-07-16T00:29:13.124Z",
    "duration": 22310,
    "testsRegistered": 5,
    "passPercent": 100,
    "pendingPercent": 0,
    "other": 0,
    "hasOther": false,
    "skipped": 0,
    "hasSkipped": false
  },
  "results": [
    {
      "uuid": "74af0e72-ef4b-482e-97a9-8e80dc909c84",
      "title": "",
      "fullFile": "cypress/e2e/tests.spec.cy.js",
      "file": "cypress/e2e/tests.spec.cy.js",
      "beforeHooks": [],
      "afterHooks": [],
      "tests": [],
      "suites": [
        {
          "uuid": "0dc68d55-5f89-4c26-85ad-a23f16010754",
          "title": "First test suite",
          "fullFile": "",
          "file": "",
          "beforeHooks": [],
          "afterHooks": [],
          "tests": [
            {
              "title": "1 - Login Flow",
              "fullTitle": "First test suite 1 - Login Flow",
              "timedOut": null,
              "duration": 3559,
              "state": "passed",
              "speed": "fast",
              "pass": true,
              "fail": false,
              "pending": false,
              "context": null,
              "code": "cy.contains('Logged in as ' + Cypress.env('userName')).should('be.visible');\ncy.contains('Logout').should('be.visible').as('logoutButton');\ncy.get('@logoutButton').click();\ncy.url().should('contain', '/login');\n// cy.wait(3000)\ncy.contains('Login to your account').should('be.visible');",
              "err": {},
              "uuid": "39209e73-8b90-4629-badb-a730df427aad",
              "parentUUID": "0dc68d55-5f89-4c26-85ad-a23f16010754",
              "isHook": false,
              "skipped": false
            },
            {
              "title": "2 - Add to Cart & Delete an item",
              "fullTitle": "First test suite 2 - Add to Cart & Delete an item",
              "timedOut": null,
              "duration": 5063,
              "state": "passed",
              "speed": "medium",
              "pass": true,
              "fail": false,
              "pending": false,
              "context": null,
              "code": "const firstProduct = 'Winter Top';\nconst secondProduct = 'Blue Top';\n_navigationPage.navigationPage.navigateToProductsPage();\ncy.searchForTheProductAndVerifyItsFound(firstProduct);\n_productsListPage.productsListPage.addTheProductToTheCart(firstProduct);\n_productsListPage.productsListPage.verifyAddedProductProceedAndClearSearchInput();\ncy.searchForTheProductAndVerifyItsFound(secondProduct);\n_productsListPage.productsListPage.addTheProductToTheCart(secondProduct);\n_productsListPage.productsListPage.verifyAddedProductProceedAndClearSearchInput();\n_navigationPage.navigationPage.navigateToCartPage();\n_cartPage.cartPage.verifyTheProductIsAvailableOnCartPage(firstProduct);\n_cartPage.cartPage.deleteProductFromCartAndVerifyItsDeleted(firstProduct);",
              "err": {},
              "uuid": "2d87b259-208d-41ca-86fe-18725d493b36",
              "parentUUID": "0dc68d55-5f89-4c26-85ad-a23f16010754",
              "isHook": false,
              "skipped": false
            }
          ],
          "suites": [],
          "passes": [
            "39209e73-8b90-4629-badb-a730df427aad",
            "2d87b259-208d-41ca-86fe-18725d493b36"
          ],
          "failures": [],
          "pending": [],
          "skipped": [],
          "duration": 8622,
          "root": false,
          "rootEmpty": false,
          "_timeout": 2000
        },
        {
          "uuid": "1cf5e4c7-d188-4077-8a6d-952dbaf036af",
          "title": "3 - Negative Login Case",
          "fullFile": "",
          "file": "",
          "beforeHooks": [],
          "afterHooks": [],
          "tests": [
            {
              "title": "Negative Login",
              "fullTitle": "3 - Negative Login Case Negative Login",
              "timedOut": null,
              "duration": 1911,
              "state": "passed",
              "speed": "fast",
              "pass": true,
              "fail": false,
              "pending": false,
              "context": null,
              "code": "cy.visit('/');\ncy.loginWithCredentails('wrong@mail.com', 'wrong123');\ncy.get('form').find('p').contains('Your email or password is incorrect!').should('be.visible');",
              "err": {},
              "uuid": "ee0ab157-db3c-493c-b77d-775c6c2fc5aa",
              "parentUUID": "1cf5e4c7-d188-4077-8a6d-952dbaf036af",
              "isHook": false,
              "skipped": false
            }
          ],
          "suites": [],
          "passes": [
            "ee0ab157-db3c-493c-b77d-775c6c2fc5aa"
          ],
          "failures": [],
          "pending": [],
          "skipped": [],
          "duration": 1911,
          "root": false,
          "rootEmpty": false,
          "_timeout": 2000
        },
        {
          "uuid": "6f7ab052-59a5-4a42-855e-c818b7931a4d",
          "title": "4 - API Data Retrieval and UI Validation Using Public API",
          "fullFile": "",
          "file": "",
          "beforeHooks": [],
          "afterHooks": [],
          "tests": [
            {
              "title": "Do request and retrieve data",
              "fullTitle": "4 - API Data Retrieval and UI Validation Using Public API Do request and retrieve data",
              "timedOut": null,
              "duration": 4287,
              "state": "passed",
              "speed": "fast",
              "pass": true,
              "fail": false,
              "pending": false,
              "context": null,
              "code": "cy.request('GET', 'https://automationexercise.com/api/productsList').then(response => {\n  const body = typeof response.body === 'string' ? JSON.parse(response.body) : response.body;\n  const productName = body.products[0].name;\n  const productPrice = body.products[0].price;\n  cy.loginWithCredentails(Cypress.env('email'), Cypress.env('password'));\n  cy.contains('Products').click();\n  cy.searchForTheProductAndVerifyItsFound(productName);\n  _productsListPage.productsListPage.addTheProductToTheCart(productName);\n  _productsListPage.productsListPage.verifyAddedProductProceedAndClearSearchInput();\n  cy.get('.productinfo').then(foundProduct => {\n    cy.wrap(foundProduct).find('p').invoke('text').then(productText => {\n      expect(productText).to.equal(productName);\n    });\n    cy.wrap(foundProduct).find('h2').invoke('text').then(productText => {\n      expect(productText).to.equal(productPrice);\n    });\n  });\n});",
              "err": {},
              "uuid": "ce9438e9-db0f-4a68-866b-bb5944b53a39",
              "parentUUID": "6f7ab052-59a5-4a42-855e-c818b7931a4d",
              "isHook": false,
              "skipped": false
            }
          ],
          "suites": [],
          "passes": [
            "ce9438e9-db0f-4a68-866b-bb5944b53a39"
          ],
          "failures": [],
          "pending": [],
          "skipped": [],
          "duration": 4287,
          "root": false,
          "rootEmpty": false,
          "_timeout": 2000
        },
        {
          "uuid": "19185069-d839-42a4-b0b8-d4f2b9fe91cd",
          "title": "5 - End-to-End Checkout with Dynamic Data Validation",
          "fullFile": "",
          "file": "",
          "beforeHooks": [],
          "afterHooks": [],
          "tests": [
            {
              "title": "Flow with data from fixture",
              "fullTitle": "5 - End-to-End Checkout with Dynamic Data Validation Flow with data from fixture",
              "timedOut": null,
              "duration": 7389,
              "state": "passed",
              "speed": "medium",
              "pass": true,
              "fail": false,
              "pending": false,
              "context": null,
              "code": "cy.loginWithCredentails(Cypress.env('email'), Cypress.env('password'));\ncy.fixture('productData.json').then(productData => {\n  const productName = productData.productName;\n  _navigationPage.navigationPage.navigateToProductsPage();\n  cy.searchForTheProductAndVerifyItsFound(productName);\n  _productsListPage.productsListPage.addTheProductToTheCart(productName);\n  _productsListPage.productsListPage.verifyAddedProductProceedAndClearSearchInput();\n  _navigationPage.navigationPage.navigateToCartPage();\n  cy.contains('Proceed To Checkout').click();\n  _checkOutPage.checkoutPage.verifyPersonDataWithSHippingData({\n    firstNameAndLastName: \"Peter Parker\",\n    address1: \"Oscorp\",\n    address2: \"Best str\",\n    cityPostCodeState: \"Seattle Washington 03995\",\n    country: \"United States\",\n    phone: \"12134234213\"\n  });\n  cy.contains('Place Order').click();\n  _paymentPage.paymmentPage.fillCardData(\"Peter Parker\", \"9889483234\", \"373\", \"05\", \"2030\");\n  cy.get('[data-qa =\"pay-button\"]').click();\n  cy.contains('Order Placed!').should('be.visible');\n  cy.contains('Congratulations! Your order has been confirmed!').should('be.visible');\n});",
              "err": {},
              "uuid": "a74cb038-0a2a-4dd4-85a2-4b3cfad9f443",
              "parentUUID": "19185069-d839-42a4-b0b8-d4f2b9fe91cd",
              "isHook": false,
              "skipped": false
            }
          ],
          "suites": [],
          "passes": [
            "a74cb038-0a2a-4dd4-85a2-4b3cfad9f443"
          ],
          "failures": [],
          "pending": [],
          "skipped": [],
          "duration": 7389,
          "root": false,
          "rootEmpty": false,
          "_timeout": 2000
        }
      ],
      "passes": [],
      "failures": [],
      "pending": [],
      "skipped": [],
      "duration": 0,
      "root": true,
      "rootEmpty": true,
      "_timeout": 2000
    }
  ],
  "meta": {
    "mocha": {
      "version": "7.2.0"
    },
    "mochawesome": {
      "options": {
        "quiet": false,
        "reportFilename": "mochawesome",
        "saveHtml": false,
        "saveJson": true,
        "consoleReporter": "spec",
        "useInlineDiffs": false,
        "code": true
      },
      "version": "7.1.3"
    },
    "marge": {
      "options": {
        "id": "default",
        "reportDir": "cypress/results/mochawesome",
        "overwrite": false,
        "html": false,
        "json": true
      },
      "version": "6.2.0"
    }
  }
}