{
  "stats": {
    "suites": 4,
    "tests": 5,
    "passes": 5,
    "pending": 0,
    "failures": 0,
    "start": "2025-07-16T00:33:03.015Z",
    "end": "2025-07-16T00:33:23.911Z",
    "duration": 20896,
    "testsRegistered": 5,
    "passPercent": 100,
    "pendingPercent": 0,
    "other": 0,
    "hasOther": false,
    "skipped": 0,
    "hasSkipped": false
  },
  "results": [
    {
      "uuid": "2e2a242f-217e-4ed7-b0e9-d14eea57b7ee",
      "title": "",
      "fullFile": "cypress/e2e/tests.spec.cy.js",
      "file": "cypress/e2e/tests.spec.cy.js",
      "beforeHooks": [],
      "afterHooks": [],
      "tests": [],
      "suites": [
        {
          "uuid": "ac4793fe-d1b9-4bb1-a2bf-67d3b7ce2641",
          "title": "First test suite",
          "fullFile": "",
          "file": "",
          "beforeHooks": [],
          "afterHooks": [],
          "tests": [
            {
              "title": "1 - Login Flow",
              "fullTitle": "First test suite 1 - Login Flow",
              "timedOut": null,
              "duration": 3465,
              "state": "passed",
              "speed": "fast",
              "pass": true,
              "fail": false,
              "pending": false,
              "context": null,
              "code": "cy.contains('Logged in as ' + Cypress.env('userName')).should('be.visible');\ncy.contains('Logout').should('be.visible').as('logoutButton');\ncy.get('@logoutButton').click();\ncy.url().should('contain', '/login');\n// cy.wait(3000)\ncy.contains('Login to your account').should('be.visible');",
              "err": {},
              "uuid": "7a90a89a-4193-4451-a8a6-61ce771b969f",
              "parentUUID": "ac4793fe-d1b9-4bb1-a2bf-67d3b7ce2641",
              "isHook": false,
              "skipped": false
            },
            {
              "title": "2 - Add to Cart & Delete an item",
              "fullTitle": "First test suite 2 - Add to Cart & Delete an item",
              "timedOut": null,
              "duration": 4687,
              "state": "passed",
              "speed": "fast",
              "pass": true,
              "fail": false,
              "pending": false,
              "context": null,
              "code": "const firstProduct = 'Winter Top';\nconst secondProduct = 'Blue Top';\n_navigationPage.navigationPage.navigateToProductsPage();\ncy.searchForTheProductAndVerifyItsFound(firstProduct);\n_productsListPage.productsListPage.addTheProductToTheCart(firstProduct);\n_productsListPage.productsListPage.verifyAddedProductProceedAndClearSearchInput();\ncy.searchForTheProductAndVerifyItsFound(secondProduct);\n_productsListPage.productsListPage.addTheProductToTheCart(secondProduct);\n_productsListPage.productsListPage.verifyAddedProductProceedAndClearSearchInput();\n_navigationPage.navigationPage.navigateToCartPage();\n_cartPage.cartPage.verifyTheProductIsAvailableOnCartPage(firstProduct);\n_cartPage.cartPage.deleteProductFromCartAndVerifyItsDeleted(firstProduct);",
              "err": {},
              "uuid": "c3168c4d-f5b4-4ce3-8ca6-9ea484065e51",
              "parentUUID": "ac4793fe-d1b9-4bb1-a2bf-67d3b7ce2641",
              "isHook": false,
              "skipped": false
            }
          ],
          "suites": [],
          "passes": [
            "7a90a89a-4193-4451-a8a6-61ce771b969f",
            "c3168c4d-f5b4-4ce3-8ca6-9ea484065e51"
          ],
          "failures": [],
          "pending": [],
          "skipped": [],
          "duration": 8152,
          "root": false,
          "rootEmpty": false,
          "_timeout": 2000
        },
        {
          "uuid": "befdca3d-0bcf-41f6-9e24-53a697907f4d",
          "title": "3 - Negative Login Case",
          "fullFile": "",
          "file": "",
          "beforeHooks": [],
          "afterHooks": [],
          "tests": [
            {
              "title": "Negative Login",
              "fullTitle": "3 - Negative Login Case Negative Login",
              "timedOut": null,
              "duration": 1810,
              "state": "passed",
              "speed": "fast",
              "pass": true,
              "fail": false,
              "pending": false,
              "context": null,
              "code": "cy.visit('/');\ncy.loginWithCredentails('wrong@mail.com', 'wrong123');\ncy.get('form').find('p').contains('Your email or password is incorrect!').should('be.visible');",
              "err": {},
              "uuid": "7064bd41-2b55-47e9-8009-f2cd45746523",
              "parentUUID": "befdca3d-0bcf-41f6-9e24-53a697907f4d",
              "isHook": false,
              "skipped": false
            }
          ],
          "suites": [],
          "passes": [
            "7064bd41-2b55-47e9-8009-f2cd45746523"
          ],
          "failures": [],
          "pending": [],
          "skipped": [],
          "duration": 1810,
          "root": false,
          "rootEmpty": false,
          "_timeout": 2000
        },
        {
          "uuid": "17882bdc-4525-4bb2-9cc5-19ce87cc94ef",
          "title": "4 - API Data Retrieval and UI Validation Using Public API",
          "fullFile": "",
          "file": "",
          "beforeHooks": [],
          "afterHooks": [],
          "tests": [
            {
              "title": "Do request and retrieve data",
              "fullTitle": "4 - API Data Retrieval and UI Validation Using Public API Do request and retrieve data",
              "timedOut": null,
              "duration": 3529,
              "state": "passed",
              "speed": "fast",
              "pass": true,
              "fail": false,
              "pending": false,
              "context": null,
              "code": "cy.request('GET', 'https://automationexercise.com/api/productsList').then(response => {\n  const body = typeof response.body === 'string' ? JSON.parse(response.body) : response.body;\n  const productName = body.products[0].name;\n  const productPrice = body.products[0].price;\n  cy.loginWithCredentails(Cypress.env('email'), Cypress.env('password'));\n  cy.contains('Products').click();\n  cy.searchForTheProductAndVerifyItsFound(productName);\n  _productsListPage.productsListPage.addTheProductToTheCart(productName);\n  _productsListPage.productsListPage.verifyAddedProductProceedAndClearSearchInput();\n  cy.get('.productinfo').then(foundProduct => {\n    cy.wrap(foundProduct).find('p').invoke('text').then(productText => {\n      expect(productText).to.equal(productName);\n    });\n    cy.wrap(foundProduct).find('h2').invoke('text').then(productText => {\n      expect(productText).to.equal(productPrice);\n    });\n  });\n});",
              "err": {},
              "uuid": "6a4c0e06-1a1a-40be-993d-da3cdeddfcb4",
              "parentUUID": "17882bdc-4525-4bb2-9cc5-19ce87cc94ef",
              "isHook": false,
              "skipped": false
            }
          ],
          "suites": [],
          "passes": [
            "6a4c0e06-1a1a-40be-993d-da3cdeddfcb4"
          ],
          "failures": [],
          "pending": [],
          "skipped": [],
          "duration": 3529,
          "root": false,
          "rootEmpty": false,
          "_timeout": 2000
        },
        {
          "uuid": "6f15dcfb-8634-418c-a120-b538a894e949",
          "title": "5 - End-to-End Checkout with Dynamic Data Validation",
          "fullFile": "",
          "file": "",
          "beforeHooks": [],
          "afterHooks": [],
          "tests": [
            {
              "title": "Flow with data from fixture",
              "fullTitle": "5 - End-to-End Checkout with Dynamic Data Validation Flow with data from fixture",
              "timedOut": null,
              "duration": 7303,
              "state": "passed",
              "speed": "medium",
              "pass": true,
              "fail": false,
              "pending": false,
              "context": null,
              "code": "cy.loginWithCredentails(Cypress.env('email'), Cypress.env('password'));\ncy.fixture('productData.json').then(productData => {\n  const productName = productData.productName;\n  _navigationPage.navigationPage.navigateToProductsPage();\n  cy.searchForTheProductAndVerifyItsFound(productName);\n  _productsListPage.productsListPage.addTheProductToTheCart(productName);\n  _productsListPage.productsListPage.verifyAddedProductProceedAndClearSearchInput();\n  _navigationPage.navigationPage.navigateToCartPage();\n  cy.contains('Proceed To Checkout').click();\n  _checkOutPage.checkoutPage.verifyPersonDataWithSHippingData({\n    firstNameAndLastName: \"Peter Parker\",\n    address1: \"Oscorp\",\n    address2: \"Best str\",\n    cityPostCodeState: \"Seattle Washington 03995\",\n    country: \"United States\",\n    phone: \"12134234213\"\n  });\n  cy.contains('Place Order').click();\n  _paymentPage.paymmentPage.fillCardData(\"Peter Parker\", \"9889483234\", \"373\", \"05\", \"2030\");\n  cy.get('[data-qa =\"pay-button\"]').click();\n  cy.contains('Order Placed!').should('be.visible');\n  cy.contains('Congratulations! Your order has been confirmed!').should('be.visible');\n});",
              "err": {},
              "uuid": "23b50b8e-23c4-433e-a911-5fbea1fd371c",
              "parentUUID": "6f15dcfb-8634-418c-a120-b538a894e949",
              "isHook": false,
              "skipped": false
            }
          ],
          "suites": [],
          "passes": [
            "23b50b8e-23c4-433e-a911-5fbea1fd371c"
          ],
          "failures": [],
          "pending": [],
          "skipped": [],
          "duration": 7303,
          "root": false,
          "rootEmpty": false,
          "_timeout": 2000
        }
      ],
      "passes": [],
      "failures": [],
      "pending": [],
      "skipped": [],
      "duration": 0,
      "root": true,
      "rootEmpty": true,
      "_timeout": 2000
    }
  ],
  "meta": {
    "mocha": {
      "version": "7.2.0"
    },
    "mochawesome": {
      "options": {
        "quiet": false,
        "reportFilename": "mochawesome",
        "saveHtml": false,
        "saveJson": true,
        "consoleReporter": "spec",
        "useInlineDiffs": false,
        "code": true
      },
      "version": "7.1.3"
    },
    "marge": {
      "options": {
        "id": "default",
        "reportDir": "cypress/results/mochawesome",
        "overwrite": false,
        "html": false,
        "json": true
      },
      "version": "6.2.0"
    }
  }
}